********************************************************************************
DUPLICATOR-LITE PACKAGE-LOG: 02.08.2021 05:15
NOTICE: Do NOT post to public sites or forums 
********************************************************************************
VERSION:	1.4.2
WORDPRESS:	5.5.5
PHP INFO:	7.0.33-0+deb9u7 | SAPI: apache2handler
SERVER:		Apache/2.4.25 (Debian) 
PHP TIME LIMIT: [120] not allowed 
PHP MAX MEMORY: 4294967296 (128M default) 
MEMORY STACK: 16MB

********************************************************************************
DATABASE:
********************************************************************************
BUILD MODE:   MYSQLDUMP
MYSQLTIMEOUT: 5000
MYSQLDUMP:    Is Supported
SQL CREATED: 02082021_akademiyaquotstilnayayaquot_038a0edaad1c30c56170_20210802051530_database.sql
SQL FILE SIZE: 1.67MB (1755592)
SQL FILE TIME: 2021-08-02 05:15:50
SQL RUNTIME: 0.20 sec.

********************************************************************************
ARCHIVE (ZIP):
********************************************************************************
ARCHIVE DIR:  /var/www/fastuser/data/www/bestyleacademy.ru
ARCHIVE FILE: 02082021_akademiyaquotstilnayayaquot_038a0edaad1c30c56170_20210802051530_archive.zip
FILTERS: *OFF*
DIRS:
	not set
FILES:
	not set
EXTS:  not set
----------------------------------------
COMPRESSING
SIZE:	141.17MB
STATS:	Dirs 635 | Files 5,907
SQL ADDED: 02082021_akademiyaquotstilnayayaquot_038a0edaad1c30c56170_20210802051530_database.sql
ZipArchive Object
(
    [status] => 0
    [statusSys] => 0
    [numFiles] => 6542
    [filename] => /var/www/fastuser/data/www/bestyleacademy.ru/wp-content/backups-dup-lite/tmp/02082021_akademiyaquotstilnayayaquot_038a0edaad1c30c56170_20210802051530_archive.zip
    [comment] => 
)

FILE ADDED TO ZIP: 6541
COMPRESSION RESULT: '1'
COMPRESSED SIZE: 64.74MB
ARCHIVE RUNTIME: 16.76 sec.
MEMORY STACK: 18MB
building installer
add_extra_files1
add_extra_files2
add_extra_files3
add_extra_files4
Doing archive file check
add_extra_files5
add_extra_files6
add_extra_files8
Successfully opened zip /var/www/fastuser/data/www/bestyleacademy.ru/wp-content/backups-dup-lite/tmp/02082021_akademiyaquotstilnayayaquot_038a0edaad1c30c56170_20210802051530_archive.zip
Adding enhanced installer files to archive using ZipArchive
Installer files added to archive
Added to archive
After ziparchive close when adding installer

********************************************************************************
INTEGRITY CHECKS:
********************************************************************************
SQL FILE: 1.67MB
INSTALLER FILE: 64.28KB
ARCHIVE FILE: 66.12MB 
EXPECTED FILE/DIRECTORY COUNT: 6,542
ACTUAL FILE/DIRECTORY COUNT: 6,541
ТЕСТ ЛОГИКИ АРХИВА: Пройден

********************************************************************************
RECORD ID:[2]
TOTAL PROCESS RUNTIME: 18.51 sec.
PEAK PHP MEMORY USED: 20MB
DONE PROCESSING => 02082021_akademiyaquotstilnayayaquot 02.08.2021 05:16

