********************************************************************************
DUPLICATOR-LITE PACKAGE-LOG: 11.07.2021 11:49
NOTICE: Do NOT post to public sites or forums 
********************************************************************************
VERSION:	1.4.2
WORDPRESS:	5.5.5
PHP INFO:	7.0.33-0+deb9u7 | SAPI: apache2handler
SERVER:		Apache/2.4.25 (Debian) 
PHP TIME LIMIT: [120] not allowed 
PHP MAX MEMORY: 4294967296 (128M default) 
MEMORY STACK: 16MB

********************************************************************************
DATABASE:
********************************************************************************
BUILD MODE:   MYSQLDUMP
MYSQLTIMEOUT: 5000
MYSQLDUMP:    Is Supported
SQL CREATED: 20210711_akademiyaquotstilnayayaquot_ac0d9e6333a4da053838_20210711114911_database.sql
SQL FILE SIZE: 1010.87KB (1035135)
SQL FILE TIME: 2021-07-11 11:49:21
SQL RUNTIME: 0.17 sec.

********************************************************************************
ARCHIVE (ZIP):
********************************************************************************
ARCHIVE DIR:  /var/www/fastuser/data/www/bestyleacademy.ru
ARCHIVE FILE: 20210711_akademiyaquotstilnayayaquot_ac0d9e6333a4da053838_20210711114911_archive.zip
FILTERS: *OFF*
DIRS:
	not set
FILES:
	not set
EXTS:  not set
----------------------------------------
COMPRESSING
SIZE:	151.72MB
STATS:	Dirs 635 | Files 5,929
SQL ADDED: 20210711_akademiyaquotstilnayayaquot_ac0d9e6333a4da053838_20210711114911_database.sql
ZipArchive Object
(
    [status] => 0
    [statusSys] => 0
    [numFiles] => 6564
    [filename] => /var/www/fastuser/data/www/bestyleacademy.ru/wp-content/backups-dup-lite/tmp/20210711_akademiyaquotstilnayayaquot_ac0d9e6333a4da053838_20210711114911_archive.zip
    [comment] => 
)

FILE ADDED TO ZIP: 6563
COMPRESSION RESULT: '1'
COMPRESSED SIZE: 75.18MB
ARCHIVE RUNTIME: 14.95 sec.
MEMORY STACK: 18MB
building installer
add_extra_files1
add_extra_files2
add_extra_files3
add_extra_files4
Doing archive file check
add_extra_files5
add_extra_files6
add_extra_files8
Successfully opened zip /var/www/fastuser/data/www/bestyleacademy.ru/wp-content/backups-dup-lite/tmp/20210711_akademiyaquotstilnayayaquot_ac0d9e6333a4da053838_20210711114911_archive.zip
Adding enhanced installer files to archive using ZipArchive
Installer files added to archive
Added to archive
After ziparchive close when adding installer

********************************************************************************
INTEGRITY CHECKS:
********************************************************************************
SQL FILE: 1010.87KB
INSTALLER FILE: 64.28KB
ARCHIVE FILE: 76.57MB 
EXPECTED FILE/DIRECTORY COUNT: 6,564
ACTUAL FILE/DIRECTORY COUNT: 6,563
ТЕСТ ЛОГИКИ АРХИВА: Пройден

********************************************************************************
RECORD ID:[1]
TOTAL PROCESS RUNTIME: 16.27 sec.
PEAK PHP MEMORY USED: 20MB
DONE PROCESSING => 20210711_akademiyaquotstilnayayaquot 11.07.2021 11:49

